[16:14:54] [ServerMain/INFO]: Environment: Environment[sessionHost=https://sessionserver.mojang.com, servicesHost=https://api.minecraftservices.com, name=PROD]
[16:14:54] [ServerMain/INFO]: Loaded 7 recipes
[16:14:55] [Server thread/INFO]: Starting minecraft server version 1.20.4
[16:14:55] [Server thread/INFO]: Loading properties
[16:14:55] [Server thread/INFO]: This server is running CraftBukkit version 4074-Spigot-e9ec548-51bbab2 (MC: 1.20.4) (Implementing API version 1.20.4-R0.1-SNAPSHOT)
[16:14:55] [Server thread/INFO]: Debug logging is disabled
[16:14:55] [Server thread/INFO]: Server Ping Player Sample Count: 12
[16:14:55] [Server thread/INFO]: Using 4 threads for Netty based IO
[16:14:55] [Server thread/INFO]: Default game type: SURVIVAL
[16:14:55] [Server thread/INFO]: Generating keypair
[16:14:55] [Server thread/INFO]: Starting Minecraft server on *:25565
[16:14:55] [Server thread/INFO]: Using default channel type
[16:14:55] [Server thread/ERROR]: Could not load 'plugins\worldedit-bukkit-7.3.2.jar' in folder 'plugins'
org.bukkit.plugin.InvalidPluginException: java.lang.UnsupportedClassVersionError: com/sk89q/worldedit/bukkit/WorldEditPlugin has been compiled by a more recent version of the Java Runtime (class file version 65.0), this version of the Java Runtime only recognizes class file versions up to 61.0
	at org.bukkit.plugin.java.JavaPluginLoader.loadPlugin(JavaPluginLoader.java:149) ~[spigot-api-1.20.4-R0.1-SNAPSHOT.jar:?]
	at org.bukkit.plugin.SimplePluginManager.loadPlugin(SimplePluginManager.java:394) ~[spigot-api-1.20.4-R0.1-SNAPSHOT.jar:?]
	at org.bukkit.plugin.SimplePluginManager.loadPlugins(SimplePluginManager.java:301) ~[spigot-api-1.20.4-R0.1-SNAPSHOT.jar:?]
	at org.bukkit.craftbukkit.v1_20_R3.CraftServer.loadPlugins(CraftServer.java:430) ~[spigot-1.20.4-R0.1-SNAPSHOT.jar:4074-Spigot-e9ec548-51bbab2]
	at net.minecraft.server.dedicated.DedicatedServer.e(DedicatedServer.java:219) ~[spigot-1.20.4-R0.1-SNAPSHOT.jar:4074-Spigot-e9ec548-51bbab2]
	at net.minecraft.server.MinecraftServer.w(MinecraftServer.java:1000) ~[spigot-1.20.4-R0.1-SNAPSHOT.jar:4074-Spigot-e9ec548-51bbab2]
	at net.minecraft.server.MinecraftServer.lambda$0(MinecraftServer.java:304) ~[spigot-1.20.4-R0.1-SNAPSHOT.jar:4074-Spigot-e9ec548-51bbab2]
	at java.lang.Thread.run(Thread.java:840) ~[?:?]
Caused by: java.lang.UnsupportedClassVersionError: com/sk89q/worldedit/bukkit/WorldEditPlugin has been compiled by a more recent version of the Java Runtime (class file version 65.0), this version of the Java Runtime only recognizes class file versions up to 61.0
	at java.lang.ClassLoader.defineClass1(Native Method) ~[?:?]
	at java.lang.ClassLoader.defineClass(ClassLoader.java:1017) ~[?:?]
	at java.security.SecureClassLoader.defineClass(SecureClassLoader.java:150) ~[?:?]
	at org.bukkit.plugin.java.PluginClassLoader.findClass(PluginClassLoader.java:206) ~[spigot-api-1.20.4-R0.1-SNAPSHOT.jar:?]
	at java.lang.ClassLoader.loadClass(ClassLoader.java:592) ~[?:?]
	at org.bukkit.plugin.java.PluginClassLoader.loadClass0(PluginClassLoader.java:117) ~[spigot-api-1.20.4-R0.1-SNAPSHOT.jar:?]
	at org.bukkit.plugin.java.PluginClassLoader.loadClass(PluginClassLoader.java:112) ~[spigot-api-1.20.4-R0.1-SNAPSHOT.jar:?]
	at java.lang.ClassLoader.loadClass(ClassLoader.java:525) ~[?:?]
	at java.lang.Class.forName0(Native Method) ~[?:?]
	at java.lang.Class.forName(Class.java:467) ~[?:?]
	at org.bukkit.plugin.java.PluginClassLoader.<init>(PluginClassLoader.java:68) ~[spigot-api-1.20.4-R0.1-SNAPSHOT.jar:?]
	at org.bukkit.plugin.java.JavaPluginLoader.loadPlugin(JavaPluginLoader.java:145) ~[spigot-api-1.20.4-R0.1-SNAPSHOT.jar:?]
	... 7 more
[16:14:55] [Server thread/INFO]: [PokemonFireRed] Loading PokemonFireRed v1.0
[16:14:55] [Server thread/INFO]: Preparing level "world"
[16:14:55] [Server thread/INFO]: -------- World Settings For [world] --------
[16:14:55] [Server thread/INFO]: Arrow Despawn Rate: 1200 Trident Respawn Rate:1200
[16:14:55] [Server thread/INFO]: Allow Zombie Pigmen to spawn from portal blocks: true
[16:14:55] [Server thread/INFO]: Simulation Distance: 10
[16:14:55] [Server thread/INFO]: View Distance: 10
[16:14:55] [Server thread/INFO]: Item Despawn Rate: 6000
[16:14:55] [Server thread/INFO]: Item Merge Radius: 2.5
[16:14:55] [Server thread/INFO]: Zombie Aggressive Towards Villager: true
[16:14:55] [Server thread/INFO]: Nerfing mobs spawned from spawners: false
[16:14:55] [Server thread/INFO]: Mob Spawn Range: 6
[16:14:55] [Server thread/INFO]: Experience Merge Radius: 3.0
[16:14:55] [Server thread/INFO]: Entity Activation Range: An 32 / Mo 32 / Ra 48 / Mi 16 / Tiv true / Isa false
[16:14:55] [Server thread/INFO]: Cactus Growth Modifier: 100%
[16:14:55] [Server thread/INFO]: Cane Growth Modifier: 100%
[16:14:55] [Server thread/INFO]: Melon Growth Modifier: 100%
[16:14:55] [Server thread/INFO]: Mushroom Growth Modifier: 100%
[16:14:55] [Server thread/INFO]: Pumpkin Growth Modifier: 100%
[16:14:55] [Server thread/INFO]: Sapling Growth Modifier: 100%
[16:14:55] [Server thread/INFO]: Beetroot Growth Modifier: 100%
[16:14:55] [Server thread/INFO]: Carrot Growth Modifier: 100%
[16:14:55] [Server thread/INFO]: Potato Growth Modifier: 100%
[16:14:55] [Server thread/INFO]: Wheat Growth Modifier: 100%
[16:14:55] [Server thread/INFO]: NetherWart Growth Modifier: 100%
[16:14:55] [Server thread/INFO]: Vine Growth Modifier: 100%
[16:14:55] [Server thread/INFO]: Cocoa Growth Modifier: 100%
[16:14:55] [Server thread/INFO]: Bamboo Growth Modifier: 100%
[16:14:55] [Server thread/INFO]: SweetBerry Growth Modifier: 100%
[16:14:55] [Server thread/INFO]: Kelp Growth Modifier: 100%
[16:14:55] [Server thread/INFO]: TwistingVines Growth Modifier: 100%
[16:14:55] [Server thread/INFO]: WeepingVines Growth Modifier: 100%
[16:14:55] [Server thread/INFO]: CaveVines Growth Modifier: 100%
[16:14:55] [Server thread/INFO]: Custom Map Seeds:  Village: 10387312 Desert: 14357617 Igloo: 14357618 Jungle: 14357619 Swamp: 14357620 Monument: 10387313 Ocean: 14357621 Shipwreck: 165745295 End City: 10387313 Slime: 987234911 Nether: 30084232 Mansion: 10387319 Fossil: 14357921 Portal: 34222645
[16:14:55] [Server thread/INFO]: Hopper Transfer: 8 Hopper Check: 1 Hopper Amount: 1 Hopper Can Load Chunks: false
[16:14:55] [Server thread/INFO]: Entity Tracking Range: Pl 48 / An 48 / Mo 48 / Mi 32 / Di 128 / Other 64
[16:14:55] [Server thread/INFO]: Tile Max Tick Time: 50ms Entity max Tick Time: 50ms
[16:14:55] [Server thread/INFO]: Max TNT Explosions: 100
[16:14:56] [Server thread/INFO]: -------- World Settings For [world_nether] --------
[16:14:56] [Server thread/INFO]: Arrow Despawn Rate: 1200 Trident Respawn Rate:1200
[16:14:56] [Server thread/INFO]: Allow Zombie Pigmen to spawn from portal blocks: true
[16:14:56] [Server thread/INFO]: Simulation Distance: 10
[16:14:56] [Server thread/INFO]: View Distance: 10
[16:14:56] [Server thread/INFO]: Item Despawn Rate: 6000
[16:14:56] [Server thread/INFO]: Item Merge Radius: 2.5
[16:14:56] [Server thread/INFO]: Zombie Aggressive Towards Villager: true
[16:14:56] [Server thread/INFO]: Nerfing mobs spawned from spawners: false
[16:14:56] [Server thread/INFO]: Mob Spawn Range: 6
[16:14:56] [Server thread/INFO]: Experience Merge Radius: 3.0
[16:14:56] [Server thread/INFO]: Entity Activation Range: An 32 / Mo 32 / Ra 48 / Mi 16 / Tiv true / Isa false
[16:14:56] [Server thread/INFO]: Cactus Growth Modifier: 100%
[16:14:56] [Server thread/INFO]: Cane Growth Modifier: 100%
[16:14:56] [Server thread/INFO]: Melon Growth Modifier: 100%
[16:14:56] [Server thread/INFO]: Mushroom Growth Modifier: 100%
[16:14:56] [Server thread/INFO]: Pumpkin Growth Modifier: 100%
[16:14:56] [Server thread/INFO]: Sapling Growth Modifier: 100%
[16:14:56] [Server thread/INFO]: Beetroot Growth Modifier: 100%
[16:14:56] [Server thread/INFO]: Carrot Growth Modifier: 100%
[16:14:56] [Server thread/INFO]: Potato Growth Modifier: 100%
[16:14:56] [Server thread/INFO]: Wheat Growth Modifier: 100%
[16:14:56] [Server thread/INFO]: NetherWart Growth Modifier: 100%
[16:14:56] [Server thread/INFO]: Vine Growth Modifier: 100%
[16:14:56] [Server thread/INFO]: Cocoa Growth Modifier: 100%
[16:14:56] [Server thread/INFO]: Bamboo Growth Modifier: 100%
[16:14:56] [Server thread/INFO]: SweetBerry Growth Modifier: 100%
[16:14:56] [Server thread/INFO]: Kelp Growth Modifier: 100%
[16:14:56] [Server thread/INFO]: TwistingVines Growth Modifier: 100%
[16:14:56] [Server thread/INFO]: WeepingVines Growth Modifier: 100%
[16:14:56] [Server thread/INFO]: CaveVines Growth Modifier: 100%
[16:14:56] [Server thread/INFO]: Custom Map Seeds:  Village: 10387312 Desert: 14357617 Igloo: 14357618 Jungle: 14357619 Swamp: 14357620 Monument: 10387313 Ocean: 14357621 Shipwreck: 165745295 End City: 10387313 Slime: 987234911 Nether: 30084232 Mansion: 10387319 Fossil: 14357921 Portal: 34222645
[16:14:56] [Server thread/INFO]: Hopper Transfer: 8 Hopper Check: 1 Hopper Amount: 1 Hopper Can Load Chunks: false
[16:14:56] [Server thread/INFO]: Entity Tracking Range: Pl 48 / An 48 / Mo 48 / Mi 32 / Di 128 / Other 64
[16:14:56] [Server thread/INFO]: Tile Max Tick Time: 50ms Entity max Tick Time: 50ms
[16:14:56] [Server thread/INFO]: Max TNT Explosions: 100
[16:14:56] [Server thread/INFO]: -------- World Settings For [world_the_end] --------
[16:14:56] [Server thread/INFO]: Arrow Despawn Rate: 1200 Trident Respawn Rate:1200
[16:14:56] [Server thread/INFO]: Allow Zombie Pigmen to spawn from portal blocks: true
[16:14:56] [Server thread/INFO]: Simulation Distance: 10
[16:14:56] [Server thread/INFO]: View Distance: 10
[16:14:56] [Server thread/INFO]: Item Despawn Rate: 6000
[16:14:56] [Server thread/INFO]: Item Merge Radius: 2.5
[16:14:56] [Server thread/INFO]: Zombie Aggressive Towards Villager: true
[16:14:56] [Server thread/INFO]: Nerfing mobs spawned from spawners: false
[16:14:56] [Server thread/INFO]: Mob Spawn Range: 6
[16:14:56] [Server thread/INFO]: Experience Merge Radius: 3.0
[16:14:56] [Server thread/INFO]: Entity Activation Range: An 32 / Mo 32 / Ra 48 / Mi 16 / Tiv true / Isa false
[16:14:56] [Server thread/INFO]: Cactus Growth Modifier: 100%
[16:14:56] [Server thread/INFO]: Cane Growth Modifier: 100%
[16:14:56] [Server thread/INFO]: Melon Growth Modifier: 100%
[16:14:56] [Server thread/INFO]: Mushroom Growth Modifier: 100%
[16:14:56] [Server thread/INFO]: Pumpkin Growth Modifier: 100%
[16:14:56] [Server thread/INFO]: Sapling Growth Modifier: 100%
[16:14:56] [Server thread/INFO]: Beetroot Growth Modifier: 100%
[16:14:56] [Server thread/INFO]: Carrot Growth Modifier: 100%
[16:14:56] [Server thread/INFO]: Potato Growth Modifier: 100%
[16:14:56] [Server thread/INFO]: Wheat Growth Modifier: 100%
[16:14:56] [Server thread/INFO]: NetherWart Growth Modifier: 100%
[16:14:56] [Server thread/INFO]: Vine Growth Modifier: 100%
[16:14:56] [Server thread/INFO]: Cocoa Growth Modifier: 100%
[16:14:56] [Server thread/INFO]: Bamboo Growth Modifier: 100%
[16:14:56] [Server thread/INFO]: SweetBerry Growth Modifier: 100%
[16:14:56] [Server thread/INFO]: Kelp Growth Modifier: 100%
[16:14:56] [Server thread/INFO]: TwistingVines Growth Modifier: 100%
[16:14:56] [Server thread/INFO]: WeepingVines Growth Modifier: 100%
[16:14:56] [Server thread/INFO]: CaveVines Growth Modifier: 100%
[16:14:56] [Server thread/INFO]: Custom Map Seeds:  Village: 10387312 Desert: 14357617 Igloo: 14357618 Jungle: 14357619 Swamp: 14357620 Monument: 10387313 Ocean: 14357621 Shipwreck: 165745295 End City: 10387313 Slime: 987234911 Nether: 30084232 Mansion: 10387319 Fossil: 14357921 Portal: 34222645
[16:14:56] [Server thread/INFO]: Hopper Transfer: 8 Hopper Check: 1 Hopper Amount: 1 Hopper Can Load Chunks: false
[16:14:56] [Server thread/INFO]: Entity Tracking Range: Pl 48 / An 48 / Mo 48 / Mi 32 / Di 128 / Other 64
[16:14:56] [Server thread/INFO]: Tile Max Tick Time: 50ms Entity max Tick Time: 50ms
[16:14:56] [Server thread/INFO]: Max TNT Explosions: 100
[16:14:56] [Server thread/INFO]: Preparing start region for dimension minecraft:overworld
[16:14:57] [Worker-Main-19/INFO]: Preparing spawn area: 0%
[16:14:57] [Worker-Main-6/INFO]: Preparing spawn area: 0%
[16:14:57] [Worker-Main-15/INFO]: Preparing spawn area: 1%
[16:14:57] [Server thread/INFO]: Time elapsed: 1290 ms
[16:14:57] [Server thread/INFO]: Preparing start region for dimension minecraft:the_nether
[16:14:58] [Worker-Main-6/INFO]: Preparing spawn area: 0%
[16:14:58] [Worker-Main-6/INFO]: Preparing spawn area: 0%
[16:14:58] [Worker-Main-7/INFO]: Preparing spawn area: 0%
[16:14:58] [Server thread/INFO]: Time elapsed: 1420 ms
[16:14:58] [Server thread/INFO]: Preparing start region for dimension minecraft:the_end
[16:14:59] [Worker-Main-17/INFO]: Preparing spawn area: 0%
[16:14:59] [Worker-Main-18/INFO]: Preparing spawn area: 0%
[16:14:59] [Worker-Main-7/INFO]: Preparing spawn area: 27%
[16:15:00] [Server thread/INFO]: Time elapsed: 1149 ms
[16:15:00] [Server thread/INFO]: [PokemonFireRed] Enabling PokemonFireRed v1.0
[16:15:00] [Server thread/INFO]: [Plugin] Pokemon Fire Red started.
[16:15:00] [Server thread/ERROR]: Error occurred while enabling PokemonFireRed v1.0 (Is it up to date?)
java.lang.NullPointerException: Cannot invoke "org.bukkit.command.PluginCommand.setExecutor(org.bukkit.command.CommandExecutor)" because the return value of "de.souperman.main.Main.getCommand(String)" is null
	at de.souperman.main.Main.onEnable(Main.java:23) ~[?:?]
	at org.bukkit.plugin.java.JavaPlugin.setEnabled(JavaPlugin.java:266) ~[spigot-api-1.20.4-R0.1-SNAPSHOT.jar:?]
	at org.bukkit.plugin.java.JavaPluginLoader.enablePlugin(JavaPluginLoader.java:342) ~[spigot-api-1.20.4-R0.1-SNAPSHOT.jar:?]
	at org.bukkit.plugin.SimplePluginManager.enablePlugin(SimplePluginManager.java:480) ~[spigot-api-1.20.4-R0.1-SNAPSHOT.jar:?]
	at org.bukkit.craftbukkit.v1_20_R3.CraftServer.enablePlugin(CraftServer.java:541) ~[spigot-1.20.4-R0.1-SNAPSHOT.jar:4074-Spigot-e9ec548-51bbab2]
	at org.bukkit.craftbukkit.v1_20_R3.CraftServer.enablePlugins(CraftServer.java:455) ~[spigot-1.20.4-R0.1-SNAPSHOT.jar:4074-Spigot-e9ec548-51bbab2]
	at net.minecraft.server.MinecraftServer.loadWorld0(MinecraftServer.java:623) ~[spigot-1.20.4-R0.1-SNAPSHOT.jar:4074-Spigot-e9ec548-51bbab2]
	at net.minecraft.server.MinecraftServer.loadLevel(MinecraftServer.java:409) ~[spigot-1.20.4-R0.1-SNAPSHOT.jar:4074-Spigot-e9ec548-51bbab2]
	at net.minecraft.server.dedicated.DedicatedServer.e(DedicatedServer.java:250) ~[spigot-1.20.4-R0.1-SNAPSHOT.jar:4074-Spigot-e9ec548-51bbab2]
	at net.minecraft.server.MinecraftServer.w(MinecraftServer.java:1000) ~[spigot-1.20.4-R0.1-SNAPSHOT.jar:4074-Spigot-e9ec548-51bbab2]
	at net.minecraft.server.MinecraftServer.lambda$0(MinecraftServer.java:304) ~[spigot-1.20.4-R0.1-SNAPSHOT.jar:4074-Spigot-e9ec548-51bbab2]
	at java.lang.Thread.run(Thread.java:840) ~[?:?]
[16:15:00] [Server thread/INFO]: Server permissions file permissions.yml is empty, ignoring it
[16:15:00] [Server thread/INFO]: Done (4.052s)! For help, type "help"
[16:23:20] [User Authenticator #1/INFO]: UUID of player SouperMan is 53c78e30-6df5-4af5-bee7-a4d7dfa4a290
[16:23:21] [Server thread/INFO]: SouperMan joined the game
[16:23:21] [Server thread/INFO]: SouperMan[/127.0.0.1:52368] logged in with entity id 48 at ([world]0.27646527951423655, 0.0, 11.703928391313527)
[16:44:13] [Server thread/INFO]: SouperMan has made the advancement [Into Fire]
[16:57:22] [Server thread/INFO]: SouperMan has made the advancement [Acquire Hardware]
[19:55:20] [Server thread/INFO]: SouperMan has reached the goal [You Need a Mint]
[20:05:15] [Server thread/INFO]: SouperMan issued server command: /gm
[20:06:18] [Server thread/INFO]: SouperMan issued server command: /gamemode survival
[20:06:26] [Server thread/INFO]: Made SouperMan a server operator
[20:06:29] [Server thread/INFO]: SouperMan issued server command: /gamemode survival
[20:06:29] [Server thread/INFO]: [SouperMan: Set own game mode to Survival Mode]
[20:06:42] [Server thread/INFO]: SouperMan issued server command: /gamemode creative
[20:06:42] [Server thread/INFO]: [SouperMan: Set own game mode to Creative Mode]
[23:42:42] [Server thread/INFO]: SouperMan lost connection: Disconnected
[23:42:42] [Server thread/INFO]: SouperMan left the game
[23:43:05] [Server thread/INFO]: Stopping the server
[23:43:05] [Server thread/INFO]: Stopping server
[23:43:05] [Server thread/INFO]: [PokemonFireRed] Disabling PokemonFireRed v1.0
[23:43:05] [Server thread/INFO]: [Plugin] Pokemon Fire Red stopped.
[23:43:05] [Server thread/INFO]: Saving players
[23:43:06] [Server thread/INFO]: Saving worlds
[23:43:06] [Server thread/INFO]: Saving chunks for level 'ServerLevel[world]'/minecraft:overworld
[23:43:06] [Server thread/INFO]: Saving chunks for level 'ServerLevel[world_nether]'/minecraft:the_nether
[23:43:07] [Server thread/INFO]: Saving chunks for level 'ServerLevel[world_the_end]'/minecraft:the_end
[23:43:07] [Server thread/INFO]: ThreadedAnvilChunkStorage (world): All chunks are saved
[23:43:07] [Server thread/INFO]: ThreadedAnvilChunkStorage (DIM-1): All chunks are saved
[23:43:07] [Server thread/INFO]: ThreadedAnvilChunkStorage (DIM1): All chunks are saved
[23:43:07] [Server thread/INFO]: ThreadedAnvilChunkStorage: All dimensions are saved
